2022-08-31 16:58:59 32556 1 상태: psm.ftp.com 주소 해석
2022-08-31 16:58:59 32556 1 상태: 123.456.78.901:21에 연결...
2022-08-31 16:58:59 32556 1 상태: 연결 수립, 환영 메시지를 기다림...
2022-08-31 16:58:59 32556 1 응답: 220 (vsFTPd 2.2.2)
2022-08-31 16:58:59 32556 1 명령: AUTH TLS
2022-08-31 16:58:59 32556 1 응답: 530 Please login with USER and PASS.
2022-08-31 16:58:59 32556 1 명령: AUTH SSL
2022-08-31 16:58:59 32556 1 응답: 530 Please login with USER and PASS.
2022-08-31 16:58:59 32556 1 상태: 보안되지 않은 서버입니다. TLS를 통한 FTP를 지원하지 않습니다.
2022-08-31 16:59:00 32556 1 명령: USER psm
2022-08-31 16:59:00 32556 1 응답: 331 Please specify the password.
2022-08-31 16:59:00 32556 1 명령: PASS ***********
2022-08-31 16:59:02 32556 1 응답: 530 Login incorrect.
2022-08-31 16:59:02 32556 1 오류: 치명적 오류: 서버에 연결하지 못함
2022-08-31 16:59:03 32556 1 상태: 서버와의 연결이 종료됨
2022-08-31 16:59:03 32556 1 상태: 직전 연결 실패로 5초 연결 지연...
2022-08-31 16:59:07 32556 1 상태: psm.ftp.com 주소 해석
2022-08-31 16:59:07 32556 1 상태: 123.456.78.901:21에 연결...
2022-08-31 16:59:07 32556 1 상태: 연결 수립, 환영 메시지를 기다림...
2022-08-31 16:59:07 32556 1 응답: 220 (vsFTPd 2.2.2)
2022-08-31 16:59:07 32556 1 명령: AUTH TLS
2022-08-31 16:59:07 32556 1 응답: 530 Please login with USER and PASS.
2022-08-31 16:59:07 32556 1 명령: AUTH SSL
2022-08-31 16:59:07 32556 1 응답: 530 Please login with USER and PASS.
2022-08-31 16:59:07 32556 1 상태: 보안되지 않은 서버입니다. TLS를 통한 FTP를 지원하지 않습니다.
2022-08-31 16:59:07 32556 1 명령: USER psm
2022-08-31 16:59:07 32556 1 응답: 331 Please specify the password.
2022-08-31 16:59:07 32556 1 명령: PASS **********
2022-08-31 16:59:07 32556 1 응답: 230 Login successful.
2022-08-31 16:59:07 32556 1 명령: SYST
2022-08-31 16:59:07 32556 1 응답: 215 UNIX Type: L8
2022-08-31 16:59:07 32556 1 명령: FEAT
2022-08-31 16:59:08 32556 1 응답: 211-Features:
2022-08-31 16:59:08 32556 1 응답:  EPRT
2022-08-31 16:59:08 32556 1 응답:  EPSV
2022-08-31 16:59:08 32556 1 응답:  MDTM
2022-08-31 16:59:08 32556 1 응답:  PASV
2022-08-31 16:59:08 32556 1 응답:  REST STREAM
2022-08-31 16:59:08 32556 1 응답:  SIZE
2022-08-31 16:59:08 32556 1 응답:  TVFS
2022-08-31 16:59:08 32556 1 응답:  UTF8
2022-08-31 16:59:08 32556 1 응답: 211 End
2022-08-31 16:59:08 32556 1 명령: OPTS UTF8 ON
2022-08-31 17:02:42 32556 1 상태: psm.ftp.com 주소 해석
2022-08-31 17:02:42 32556 1 상태: 123.456.78.901:21에 연결...
2022-08-31 17:02:53 32556 1 오류: 사용자에 의해 연결 시도 중단
2022-08-31 17:02:53 32556 1 상태: 서버와의 연결이 종료됨
2022-08-31 17:02:53 32556 1 상태: psm.ftp.com 주소 해석
2022-08-31 17:02:53 32556 1 상태: 123.456.78.901:21에 연결...
2022-08-31 17:02:53 32556 1 상태: 연결 수립, 환영 메시지를 기다림...
2022-08-31 17:02:53 32556 1 응답: 220 (vsFTPd 2.2.2)
2022-08-31 17:02:53 32556 1 명령: AUTH TLS
2022-08-31 17:02:53 32556 1 응답: 530 Please login with USER and PASS.
2022-08-31 17:02:53 32556 1 명령: AUTH SSL
2022-08-31 17:02:53 32556 1 응답: 530 Please login with USER and PASS.
2022-08-31 17:02:53 32556 1 상태: 보안되지 않은 서버입니다. TLS를 통한 FTP를 지원하지 않습니다.
2022-08-31 17:02:53 32556 1 명령: USER psm
2022-08-31 17:02:53 32556 1 응답: 331 Please specify the password.
2022-08-31 17:02:53 32556 1 명령: PASS **********
2022-08-31 17:02:53 32556 1 응답: 230 Login successful.
2022-08-31 17:02:53 32556 1 명령: OPTS UTF8 ON
2022-08-31 17:02:53 32556 1 응답: 200 Always in UTF8 mode.
2022-08-31 17:02:53 32556 1 상태: 로그인
2022-08-31 17:02:53 32556 1 상태: 디렉터리 목록 조회...
2022-08-31 17:02:53 32556 1 명령: PWD
2022-08-31 17:02:53 32556 1 응답: 257 "/"
2022-08-31 17:02:53 32556 1 명령: TYPE I
2022-08-31 17:02:53 32556 1 응답: 200 Switching to Binary mode.
2022-08-31 17:02:53 32556 1 명령: PASV
2022-08-31 17:02:53 32556 1 응답: 227 Entering Passive Mode (182,162,95,167,25,141).
2022-08-31 17:02:53 32556 1 명령: LIST
2022-08-31 17:02:54 32556 1 응답: 150 Here comes the directory listing.
2022-08-31 17:02:54 32556 1 응답: 226 Directory send OK.
2022-08-31 17:02:54 32556 1 상태: "/" 디렉터리 목록 조회 성공
2022-08-31 17:02:58 32556 2 상태: psm.ftp.com 주소 해석
2022-08-31 17:02:58 32556 2 상태: 123.456.78.901:21에 연결...
2022-08-31 17:02:58 32556 3 상태: psm.ftp.com 주소 해석
2022-08-31 17:02:58 32556 3 상태: 123.456.78.901:21에 연결...
2022-08-31 17:02:58 32556 3 상태: 연결 수립, 환영 메시지를 기다림...
2022-08-31 17:02:58 32556 3 응답: 220 (vsFTPd 2.2.2)
2022-08-31 17:02:58 32556 3 명령: AUTH TLS
2022-08-31 17:02:58 32556 3 응답: 530 Please login with USER and PASS.
2022-08-31 17:02:58 32556 3 명령: AUTH SSL
2022-08-31 17:02:58 32556 3 응답: 530 Please login with USER and PASS.
2022-08-31 17:02:58 32556 3 상태: 보안되지 않은 서버입니다. TLS를 통한 FTP를 지원하지 않습니다.
2022-08-31 17:02:58 32556 3 명령: USER psm
2022-08-31 17:02:58 32556 3 응답: 331 Please specify the password.
2022-08-31 17:02:58 32556 3 명령: PASS **********
2022-08-31 17:02:58 32556 3 응답: 230 Login successful.
2022-08-31 17:02:58 32556 3 명령: OPTS UTF8 ON
2022-08-31 17:02:58 32556 3 응답: 200 Always in UTF8 mode.
2022-08-31 17:02:58 32556 3 상태: 로그인
2022-08-31 17:02:58 32556 3 상태: C:\Users\admin\Desktop\건축계획서.hwp 업로드 시작
2022-08-31 17:02:58 32556 3 명령: CWD /
2022-08-31 17:02:58 32556 3 응답: 250 Directory successfully changed.
2022-08-31 17:02:58 32556 3 명령: PWD
2022-08-31 17:02:58 32556 3 응답: 257 "/"
2022-08-31 17:02:58 32556 3 명령: TYPE I
2022-08-31 17:02:58 32556 3 응답: 200 Switching to Binary mode.
2022-08-31 17:02:58 32556 3 명령: PASV
2022-08-31 17:02:58 32556 3 응답: 227 Entering Passive Mode (123,456,78,901,123,456).
2022-08-31 17:02:58 32556 3 명령: STOR 건축계획서.hwp
2022-08-31 17:02:58 32556 3 응답: 150 Ok to send data.
2022-08-31 17:02:59 32556 3 응답: 226 Transfer complete.
2022-08-31 17:02:59 32556 3 상태: 파일 전송 성공, 192,512 바이트를 1 초에 전송
2022-08-31 17:03:05 32556 2 상태: 연결 수립, 환영 메시지를 기다림...
2022-08-31 17:03:05 32556 2 응답: 220 (vsFTPd 2.2.2)
2022-08-31 17:03:05 32556 2 명령: AUTH TLS
2022-08-31 17:03:05 32556 2 응답: 530 Please login with USER and PASS.
2022-08-31 17:03:05 32556 2 명령: AUTH SSL
2022-08-31 17:03:05 32556 2 응답: 530 Please login with USER and PASS.
2022-08-31 17:03:05 32556 2 상태: 보안되지 않은 서버입니다. TLS를 통한 FTP를 지원하지 않습니다.
2022-08-31 17:03:05 32556 2 명령: USER psm
2022-08-31 17:03:05 32556 2 응답: 331 Please specify the password.
2022-08-31 17:03:05 32556 2 명령: PASS **********
2022-08-31 17:03:05 32556 2 응답: 230 Login successful.
2022-08-31 17:03:05 32556 2 명령: OPTS UTF8 ON
2022-08-31 17:03:05 32556 2 응답: 200 Always in UTF8 mode.
2022-08-31 17:03:05 32556 2 상태: 로그인
2022-08-31 17:03:05 32556 2 상태: C:\Users\admin\Desktop\20220831_163840.jpg 업로드 시작
2022-08-31 17:03:05 32556 2 명령: CWD /
2022-08-31 17:03:05 32556 2 응답: 250 Directory successfully changed.
2022-08-31 17:03:05 32556 2 명령: TYPE I
2022-08-31 17:03:05 32556 2 응답: 200 Switching to Binary mode.
2022-08-31 17:03:05 32556 2 명령: PASV
2022-08-31 17:03:05 32556 2 응답: 227 Entering Passive Mode (182,162,95,167,227,173).
2022-08-31 17:03:05 32556 2 명령: STOR 20220831_163833.jpg
2022-08-31 17:03:08 32556 2 응답: 150 Ok to send data.
2022-08-31 17:03:09 32556 2 응답: 226 Transfer complete.
2022-08-31 17:03:09 32556 2 상태: 파일 전송 성공, 2,230,807 바이트를 3 초에 전송
2022-08-31 17:03:09 32556 2 상태: "/" 디렉터리 목록 조회...
2022-08-31 17:03:09 32556 2 명령: PASV
2022-08-31 17:03:09 32556 2 응답: 227 Entering Passive Mode (182,162,95,167,174,32).
2022-08-31 17:03:09 32556 2 명령: LIST
2022-08-31 17:03:09 32556 2 응답: 150 Here comes the directory listing.
2022-08-31 17:03:09 32556 2 응답: 226 Directory send OK.
2022-08-31 17:03:09 32556 2 상태: "/" 디렉터리 목록 조회 성공
