2022-10-11 16:55:09 1844 1 상태: kwkim.ftp.com 주소 해석
2022-10-11 16:55:09 1844 1 상태: 123.456.78.901:21에 연결...
2022-10-11 16:55:09 1844 1 상태: 연결 수립, 환영 메시지를 기다림...
2022-10-11 16:55:09 1844 1 응답: 220 (vsFTPd 2.2.2)
2022-10-11 16:55:09 1844 1 명령: AUTH TLS
2022-10-11 16:55:09 1844 1 응답: 530 Please login with USER and PASS.
2022-10-11 16:55:09 1844 1 명령: AUTH SSL
2022-10-11 16:55:09 1844 1 응답: 530 Please login with USER and PASS.
2022-10-11 16:55:09 1844 1 상태: 보안되지 않은 서버입니다. TLS를 통한 FTP를 지원하지 않습니다.
2022-10-11 16:55:11 1844 1 명령: USER kwmin
2022-10-11 16:55:11 1844 1 응답: 331 Please specify the password.
2022-10-11 16:55:11 1844 1 명령: PASS **********
2022-10-11 16:55:11 1844 1 응답: 230 Login successful.
2022-10-11 16:55:11 1844 1 명령: SYST
2022-10-11 16:55:11 1844 1 응답: 215 UNIX Type: L8
2022-10-11 16:55:11 1844 1 명령: FEAT
2022-10-11 16:55:11 1844 1 응답: 211-Features:
2022-10-11 16:55:11 1844 1 응답:  EPRT
2022-10-11 16:55:11 1844 1 응답:  EPSV
2022-10-11 16:55:11 1844 1 응답:  MDTM
2022-10-11 16:55:11 1844 1 응답:  PASV
2022-10-11 16:55:11 1844 1 응답:  REST STREAM
2022-10-11 16:55:11 1844 1 응답:  SIZE
2022-10-11 16:55:11 1844 1 응답:  TVFS
2022-10-11 16:55:11 1844 1 응답:  UTF8
2022-10-11 16:55:11 1844 1 응답: 211 End
2022-10-11 16:55:11 1844 1 명령: OPTS UTF8 ON
2022-10-11 16:55:11 1844 1 응답: 200 Always in UTF8 mode.
2022-10-11 16:55:11 1844 1 상태: 로그인
2022-10-11 16:55:11 1844 1 상태: 디렉터리 목록 조회...
2022-10-11 16:55:11 1844 1 명령: PWD
2022-10-11 16:55:11 1844 1 응답: 257 "/"
2022-10-11 16:55:11 1844 1 명령: TYPE I
2022-10-11 16:55:11 1844 1 응답: 200 Switching to Binary mode.
2022-10-11 16:55:11 1844 1 명령: PASV
2022-10-11 16:55:11 1844 1 응답: 227 Entering Passive Mode (182,162,95,167,209,91).
2022-10-11 16:55:11 1844 1 명령: LIST
2022-10-11 16:55:11 1844 1 응답: 150 Here comes the directory listing.
2022-10-11 16:55:11 1844 1 응답: 226 Directory send OK.
2022-10-11 16:55:11 1844 1 상태: 서버의 시간대 오차 계산...
2022-10-11 16:55:11 1844 1 명령: MDTM 20220831_163840.jpg
2022-10-11 16:55:11 1844 1 응답: 213 20220901170309
2022-10-11 16:55:11 1844 1 상태: Timezone offset of server is 0 seconds.
2022-10-11 16:55:11 1844 1 상태: "/" 디렉터리 목록 조회 성공
2022-10-11 16:55:23 1844 1 상태: "/www" 디렉터리 목록 조회...
2022-10-11 16:55:23 1844 1 명령: CWD www
2022-10-11 16:55:23 1844 1 응답: 250 Directory successfully changed.
2022-10-11 16:55:23 1844 1 명령: PWD
2022-10-11 16:55:23 1844 1 응답: 257 "/www"
2022-10-11 16:55:23 1844 1 명령: PASV
2022-10-11 16:55:23 1844 1 응답: 227 Entering Passive Mode (182,162,95,167,38,163).
2022-10-11 16:55:23 1844 1 명령: LIST
2022-10-11 16:55:23 1844 1 응답: 150 Here comes the directory listing.
2022-10-11 16:55:23 1844 1 응답: 226 Directory send OK.
2022-10-11 16:55:23 1844 1 상태: "/www" 디렉터리 목록 조회 성공
2022-10-11 16:55:24 1844 1 상태: "/" 디렉터리 목록 조회...
2022-10-11 16:55:24 1844 1 명령: CDUP
2022-10-11 16:55:24 1844 1 응답: 250 Directory successfully changed.
2022-10-11 16:55:24 1844 1 명령: PWD
2022-10-11 16:55:24 1844 1 응답: 257 "/"
2022-10-11 16:55:24 1844 1 명령: PASV
2022-10-11 16:55:24 1844 1 응답: 227 Entering Passive Mode (182,162,95,167,170,26).
2022-10-11 16:55:24 1844 1 명령: LIST
2022-10-11 16:55:24 1844 1 응답: 150 Here comes the directory listing.
2022-10-11 16:55:24 1844 1 응답: 226 Directory send OK.
2022-10-11 16:55:24 1844 1 상태: "/" 디렉터리 목록 조회 성공
2022-10-11 16:55:30 1844 2 상태: kwkim.ftp.com 주소 해석
2022-10-11 16:55:30 1844 2 상태: 123.456.78.901:21에 연결...
2022-10-11 16:55:30 1844 2 상태: 연결 수립, 환영 메시지를 기다림...
2022-10-11 16:55:30 1844 2 응답: 220 (vsFTPd 2.2.2)
2022-10-11 16:55:30 1844 2 명령: AUTH TLS
2022-10-11 16:55:30 1844 2 응답: 530 Please login with USER and PASS.
2022-10-11 16:55:30 1844 2 명령: AUTH SSL
2022-10-11 16:55:30 1844 2 응답: 530 Please login with USER and PASS.
2022-10-11 16:55:30 1844 2 상태: 보안되지 않은 서버입니다. TLS를 통한 FTP를 지원하지 않습니다.
2022-10-11 16:55:30 1844 2 명령: USER kwmin
2022-10-11 16:55:30 1844 2 응답: 331 Please specify the password.
2022-10-11 16:55:30 1844 2 명령: PASS **********
2022-10-11 16:55:30 1844 2 응답: 230 Login successful.
2022-10-11 16:55:30 1844 2 명령: OPTS UTF8 ON
2022-10-11 16:55:30 1844 2 응답: 200 Always in UTF8 mode.
2022-10-11 16:55:30 1844 2 상태: 로그인
2022-10-11 16:55:30 1844 2 상태: C:\Users\yc.choi\Desktop\전기자동차 해외진출 타당성조사 지원사업 제출서류 양식.hwp 업로드 시작
2022-10-11 16:55:30 1844 2 명령: CWD /
2022-10-11 16:55:30 1844 2 응답: 250 Directory successfully changed.
2022-10-11 16:55:30 1844 2 명령: PWD
2022-10-11 16:55:30 1844 2 응답: 257 "/"
2022-10-11 16:55:30 1844 2 명령: TYPE I
2022-10-11 16:55:30 1844 2 응답: 200 Switching to Binary mode.
2022-10-11 16:55:30 1844 2 명령: PASV
2022-10-11 16:55:30 1844 2 응답: 227 Entering Passive Mode (182,162,95,167,41,214).
2022-10-11 16:55:30 1844 2 명령: STOR 전기자동차 해외진출 타당성조사 지원사업 제출서류 양식.hwp
2022-10-11 16:55:30 1844 2 응답: 150 Ok to send data.
2022-10-11 16:55:30 1844 2 응답: 226 Transfer complete.
2022-10-11 16:55:30 1844 2 상태: 파일 전송 성공, 804,864 바이트를 1 초에 전송
2022-10-11 16:55:30 1844 2 상태: "/" 디렉터리 목록 조회...
2022-10-11 16:55:30 1844 2 명령: PASV
2022-10-11 16:55:30 1844 2 응답: 227 Entering Passive Mode (182,162,95,167,117,11).
2022-10-11 16:55:30 1844 2 명령: LIST
2022-10-11 16:55:30 1844 2 응답: 150 Here comes the directory listing.
2022-10-11 16:55:30 1844 2 응답: 226 Directory send OK.
2022-10-11 16:55:30 1844 2 상태: "/" 디렉터리 목록 조회 성공
2022-10-11 16:55:33 1844 1 상태: 서버와의 연결이 종료됨
